This is pdfTeX, Version 3.14159265-2.6-1.40.16 (TeX Live 2015/Debian) (preloaded format=pdflatex 2018.10.13)  9 MAY 2019 20:05
entering extended mode
 restricted \write18 enabled.
 %&-line parsing enabled.
**report.tex
(./report.tex
LaTeX2e <2016/02/01>
Babel <3.9q> and hyphenation patterns for 81 language(s) loaded.
(/usr/share/texlive/texmf-dist/tex/latex/base/article.cls
Document Class: article 2014/09/29 v1.4h Standard LaTeX document class
(/usr/share/texlive/texmf-dist/tex/latex/base/size12.clo
File: size12.clo 2014/09/29 v1.4h Standard LaTeX file (size option)
)
\c@part=\count79
\c@section=\count80
\c@subsection=\count81
\c@subsubsection=\count82
\c@paragraph=\count83
\c@subparagraph=\count84
\c@figure=\count85
\c@table=\count86
\abovecaptionskip=\skip41
\belowcaptionskip=\skip42
\bibindent=\dimen102
)
(/usr/share/texlive/texmf-dist/tex/latex/base/inputenc.sty
Package: inputenc 2015/03/17 v1.2c Input encoding file
\inpenc@prehook=\toks14
\inpenc@posthook=\toks15

(/usr/share/texlive/texmf-dist/tex/latex/base/utf8.def
File: utf8.def 2015/12/03 v1.1r UTF-8 support for inputenc
Now handling font encoding OML ...
... no UTF-8 mapping file for font encoding OML
Now handling font encoding T1 ...
... processing UTF-8 mapping file for font encoding T1

(/usr/share/texlive/texmf-dist/tex/latex/base/t1enc.dfu
File: t1enc.dfu 2015/12/03 v1.1r UTF-8 support for inputenc
   defining Unicode char U+00A0 (decimal 160)
   defining Unicode char U+00A1 (decimal 161)
   defining Unicode char U+00A3 (decimal 163)
   defining Unicode char U+00AB (decimal 171)
   defining Unicode char U+00AD (decimal 173)
   defining Unicode char U+00BB (decimal 187)
   defining Unicode char U+00BF (decimal 191)
   defining Unicode char U+00C0 (decimal 192)
   defining Unicode char U+00C1 (decimal 193)
   defining Unicode char U+00C2 (decimal 194)
   defining Unicode char U+00C3 (decimal 195)
   defining Unicode char U+00C4 (decimal 196)
   defining Unicode char U+00C5 (decimal 197)
   defining Unicode char U+00C6 (decimal 198)
   defining Unicode char U+00C7 (decimal 199)
   defining Unicode char U+00C8 (decimal 200)
   defining Unicode char U+00C9 (decimal 201)
   defining Unicode char U+00CA (decimal 202)
   defining Unicode char U+00CB (decimal 203)
   defining Unicode char U+00CC (decimal 204)
   defining Unicode char U+00CD (decimal 205)
   defining Unicode char U+00CE (decimal 206)
   defining Unicode char U+00CF (decimal 207)
   defining Unicode char U+00D0 (decimal 208)
   defining Unicode char U+00D1 (decimal 209)
   defining Unicode char U+00D2 (decimal 210)
   defining Unicode char U+00D3 (decimal 211)
   defining Unicode char U+00D4 (decimal 212)
   defining Unicode char U+00D5 (decimal 213)
   defining Unicode char U+00D6 (decimal 214)
   defining Unicode char U+00D8 (decimal 216)
   defining Unicode char U+00D9 (decimal 217)
   defining Unicode char U+00DA (decimal 218)
   defining Unicode char U+00DB (decimal 219)
   defining Unicode char U+00DC (decimal 220)
   defining Unicode char U+00DD (decimal 221)
   defining Unicode char U+00DE (decimal 222)
   defining Unicode char U+00DF (decimal 223)
   defining Unicode char U+00E0 (decimal 224)
   defining Unicode char U+00E1 (decimal 225)
   defining Unicode char U+00E2 (decimal 226)
   defining Unicode char U+00E3 (decimal 227)
   defining Unicode char U+00E4 (decimal 228)
   defining Unicode char U+00E5 (decimal 229)
   defining Unicode char U+00E6 (decimal 230)
   defining Unicode char U+00E7 (decimal 231)
   defining Unicode char U+00E8 (decimal 232)
   defining Unicode char U+00E9 (decimal 233)
   defining Unicode char U+00EA (decimal 234)
   defining Unicode char U+00EB (decimal 235)
   defining Unicode char U+00EC (decimal 236)
   defining Unicode char U+00ED (decimal 237)
   defining Unicode char U+00EE (decimal 238)
   defining Unicode char U+00EF (decimal 239)
   defining Unicode char U+00F0 (decimal 240)
   defining Unicode char U+00F1 (decimal 241)
   defining Unicode char U+00F2 (decimal 242)
   defining Unicode char U+00F3 (decimal 243)
   defining Unicode char U+00F4 (decimal 244)
   defining Unicode char U+00F5 (decimal 245)
   defining Unicode char U+00F6 (decimal 246)
   defining Unicode char U+00F8 (decimal 248)
   defining Unicode char U+00F9 (decimal 249)
   defining Unicode char U+00FA (decimal 250)
   defining Unicode char U+00FB (decimal 251)
   defining Unicode char U+00FC (decimal 252)
   defining Unicode char U+00FD (decimal 253)
   defining Unicode char U+00FE (decimal 254)
   defining Unicode char U+00FF (decimal 255)
   defining Unicode char U+0100 (decimal 256)
   defining Unicode char U+0101 (decimal 257)
   defining Unicode char U+0102 (decimal 258)
   defining Unicode char U+0103 (decimal 259)
   defining Unicode char U+0104 (decimal 260)
   defining Unicode char U+0105 (decimal 261)
   defining Unicode char U+0106 (decimal 262)
   defining Unicode char U+0107 (decimal 263)
   defining Unicode char U+0108 (decimal 264)
   defining Unicode char U+0109 (decimal 265)
   defining Unicode char U+010A (decimal 266)
   defining Unicode char U+010B (decimal 267)
   defining Unicode char U+010C (decimal 268)
   defining Unicode char U+010D (decimal 269)
   defining Unicode char U+010E (decimal 270)
   defining Unicode char U+010F (decimal 271)
   defining Unicode char U+0110 (decimal 272)
   defining Unicode char U+0111 (decimal 273)
   defining Unicode char U+0112 (decimal 274)
   defining Unicode char U+0113 (decimal 275)
   defining Unicode char U+0114 (decimal 276)
   defining Unicode char U+0115 (decimal 277)
   defining Unicode char U+0116 (decimal 278)
   defining Unicode char U+0117 (decimal 279)
   defining Unicode char U+0118 (decimal 280)
   defining Unicode char U+0119 (decimal 281)
   defining Unicode char U+011A (decimal 282)
   defining Unicode char U+011B (decimal 283)
   defining Unicode char U+011C (decimal 284)
   defining Unicode char U+011D (decimal 285)
   defining Unicode char U+011E (decimal 286)
   defining Unicode char U+011F (decimal 287)
   defining Unicode char U+0120 (decimal 288)
   defining Unicode char U+0121 (decimal 289)
   defining Unicode char U+0122 (decimal 290)
   defining Unicode char U+0123 (decimal 291)
   defining Unicode char U+0124 (decimal 292)
   defining Unicode char U+0125 (decimal 293)
   defining Unicode char U+0128 (decimal 296)
   defining Unicode char U+0129 (decimal 297)
   defining Unicode char U+012A (decimal 298)
   defining Unicode char U+012B (decimal 299)
   defining Unicode char U+012C (decimal 300)
   defining Unicode char U+012D (decimal 301)
   defining Unicode char U+012E (decimal 302)
   defining Unicode char U+012F (decimal 303)
   defining Unicode char U+0130 (decimal 304)
   defining Unicode char U+0131 (decimal 305)
   defining Unicode char U+0132 (decimal 306)
   defining Unicode char U+0133 (decimal 307)
   defining Unicode char U+0134 (decimal 308)
   defining Unicode char U+0135 (decimal 309)
   defining Unicode char U+0136 (decimal 310)
   defining Unicode char U+0137 (decimal 311)
   defining Unicode char U+0139 (decimal 313)
   defining Unicode char U+013A (decimal 314)
   defining Unicode char U+013B (decimal 315)
   defining Unicode char U+013C (decimal 316)
   defining Unicode char U+013D (decimal 317)
   defining Unicode char U+013E (decimal 318)
   defining Unicode char U+0141 (decimal 321)
   defining Unicode char U+0142 (decimal 322)
   defining Unicode char U+0143 (decimal 323)
   defining Unicode char U+0144 (decimal 324)
   defining Unicode char U+0145 (decimal 325)
   defining Unicode char U+0146 (decimal 326)
   defining Unicode char U+0147 (decimal 327)
   defining Unicode char U+0148 (decimal 328)
   defining Unicode char U+014A (decimal 330)
   defining Unicode char U+014B (decimal 331)
   defining Unicode char U+014C (decimal 332)
   defining Unicode char U+014D (decimal 333)
   defining Unicode char U+014E (decimal 334)
   defining Unicode char U+014F (decimal 335)
   defining Unicode char U+0150 (decimal 336)
   defining Unicode char U+0151 (decimal 337)
   defining Unicode char U+0152 (decimal 338)
   defining Unicode char U+0153 (decimal 339)
   defining Unicode char U+0154 (decimal 340)
   defining Unicode char U+0155 (decimal 341)
   defining Unicode char U+0156 (decimal 342)
   defining Unicode char U+0157 (decimal 343)
   defining Unicode char U+0158 (decimal 344)
   defining Unicode char U+0159 (decimal 345)
   defining Unicode char U+015A (decimal 346)
   defining Unicode char U+015B (decimal 347)
   defining Unicode char U+015C (decimal 348)
   defining Unicode char U+015D (decimal 349)
   defining Unicode char U+015E (decimal 350)
   defining Unicode char U+015F (decimal 351)
   defining Unicode char U+0160 (decimal 352)
   defining Unicode char U+0161 (decimal 353)
   defining Unicode char U+0162 (decimal 354)
   defining Unicode char U+0163 (decimal 355)
   defining Unicode char U+0164 (decimal 356)
   defining Unicode char U+0165 (decimal 357)
   defining Unicode char U+0168 (decimal 360)
   defining Unicode char U+0169 (decimal 361)
   defining Unicode char U+016A (decimal 362)
   defining Unicode char U+016B (decimal 363)
   defining Unicode char U+016C (decimal 364)
   defining Unicode char U+016D (decimal 365)
   defining Unicode char U+016E (decimal 366)
   defining Unicode char U+016F (decimal 367)
   defining Unicode char U+0170 (decimal 368)
   defining Unicode char U+0171 (decimal 369)
   defining Unicode char U+0172 (decimal 370)
   defining Unicode char U+0173 (decimal 371)
   defining Unicode char U+0174 (decimal 372)
   defining Unicode char U+0175 (decimal 373)
   defining Unicode char U+0176 (decimal 374)
   defining Unicode char U+0177 (decimal 375)
   defining Unicode char U+0178 (decimal 376)
   defining Unicode char U+0179 (decimal 377)
   defining Unicode char U+017A (decimal 378)
   defining Unicode char U+017B (decimal 379)
   defining Unicode char U+017C (decimal 380)
   defining Unicode char U+017D (decimal 381)
   defining Unicode char U+017E (decimal 382)
   defining Unicode char U+01CD (decimal 461)
   defining Unicode char U+01CE (decimal 462)
   defining Unicode char U+01CF (decimal 463)
   defining Unicode char U+01D0 (decimal 464)
   defining Unicode char U+01D1 (decimal 465)
   defining Unicode char U+01D2 (decimal 466)
   defining Unicode char U+01D3 (decimal 467)
   defining Unicode char U+01D4 (decimal 468)
   defining Unicode char U+01E2 (decimal 482)
   defining Unicode char U+01E3 (decimal 483)
   defining Unicode char U+01E6 (decimal 486)
   defining Unicode char U+01E7 (decimal 487)
   defining Unicode char U+01E8 (decimal 488)
   defining Unicode char U+01E9 (decimal 489)
   defining Unicode char U+01EA (decimal 490)
   defining Unicode char U+01EB (decimal 491)
   defining Unicode char U+01F0 (decimal 496)
   defining Unicode char U+01F4 (decimal 500)
   defining Unicode char U+01F5 (decimal 501)
   defining Unicode char U+0218 (decimal 536)
   defining Unicode char U+0219 (decimal 537)
   defining Unicode char U+021A (decimal 538)
   defining Unicode char U+021B (decimal 539)
   defining Unicode char U+01E02 (decimal 7682)
   defining Unicode char U+01E03 (decimal 7683)
   defining Unicode char U+200C (decimal 8204)
   defining Unicode char U+2013 (decimal 8211)
   defining Unicode char U+2014 (decimal 8212)
   defining Unicode char U+2018 (decimal 8216)
   defining Unicode char U+2019 (decimal 8217)
   defining Unicode char U+201A (decimal 8218)
   defining Unicode char U+201C (decimal 8220)
   defining Unicode char U+201D (decimal 8221)
   defining Unicode char U+201E (decimal 8222)
   defining Unicode char U+2030 (decimal 8240)
   defining Unicode char U+2031 (decimal 8241)
   defining Unicode char U+2039 (decimal 8249)
   defining Unicode char U+203A (decimal 8250)
   defining Unicode char U+2423 (decimal 9251)
)
Now handling font encoding OT1 ...
... processing UTF-8 mapping file for font encoding OT1

(/usr/share/texlive/texmf-dist/tex/latex/base/ot1enc.dfu
File: ot1enc.dfu 2015/12/03 v1.1r UTF-8 support for inputenc
   defining Unicode char U+00A0 (decimal 160)
   defining Unicode char U+00A1 (decimal 161)
   defining Unicode char U+00A3 (decimal 163)
   defining Unicode char U+00AD (decimal 173)
   defining Unicode char U+00B8 (decimal 184)
   defining Unicode char U+00BF (decimal 191)
   defining Unicode char U+00C5 (decimal 197)
   defining Unicode char U+00C6 (decimal 198)
   defining Unicode char U+00D8 (decimal 216)
   defining Unicode char U+00DF (decimal 223)
   defining Unicode char U+00E6 (decimal 230)
   defining Unicode char U+00EC (decimal 236)
   defining Unicode char U+00ED (decimal 237)
   defining Unicode char U+00EE (decimal 238)
   defining Unicode char U+00EF (decimal 239)
   defining Unicode char U+00F8 (decimal 248)
   defining Unicode char U+0131 (decimal 305)
   defining Unicode char U+0141 (decimal 321)
   defining Unicode char U+0142 (decimal 322)
   defining Unicode char U+0152 (decimal 338)
   defining Unicode char U+0153 (decimal 339)
   defining Unicode char U+0174 (decimal 372)
   defining Unicode char U+0175 (decimal 373)
   defining Unicode char U+0176 (decimal 374)
   defining Unicode char U+0177 (decimal 375)
   defining Unicode char U+0218 (decimal 536)
   defining Unicode char U+0219 (decimal 537)
   defining Unicode char U+021A (decimal 538)
   defining Unicode char U+021B (decimal 539)
   defining Unicode char U+2013 (decimal 8211)
   defining Unicode char U+2014 (decimal 8212)
   defining Unicode char U+2018 (decimal 8216)
   defining Unicode char U+2019 (decimal 8217)
   defining Unicode char U+201C (decimal 8220)
   defining Unicode char U+201D (decimal 8221)
)
Now handling font encoding OMS ...
... processing UTF-8 mapping file for font encoding OMS

(/usr/share/texlive/texmf-dist/tex/latex/base/omsenc.dfu
File: omsenc.dfu 2015/12/03 v1.1r UTF-8 support for inputenc
   defining Unicode char U+00A7 (decimal 167)
   defining Unicode char U+00B6 (decimal 182)
   defining Unicode char U+00B7 (decimal 183)
   defining Unicode char U+2020 (decimal 8224)
   defining Unicode char U+2021 (decimal 8225)
   defining Unicode char U+2022 (decimal 8226)
)
Now handling font encoding OMX ...
... no UTF-8 mapping file for font encoding OMX
Now handling font encoding U ...
... no UTF-8 mapping file for font encoding U
   defining Unicode char U+00A9 (decimal 169)
   defining Unicode char U+00AA (decimal 170)
   defining Unicode char U+00AE (decimal 174)
   defining Unicode char U+00BA (decimal 186)
   defining Unicode char U+02C6 (decimal 710)
   defining Unicode char U+02DC (decimal 732)
   defining Unicode char U+200C (decimal 8204)
   defining Unicode char U+2026 (decimal 8230)
   defining Unicode char U+2122 (decimal 8482)
   defining Unicode char U+2423 (decimal 9251)
))
(/usr/share/texlive/texmf-dist/tex/generic/babel/babel.sty
Package: babel 2016/02/24 3.9q The Babel package

(/usr/share/texlive/texmf-dist/tex/generic/babel-english/english.ldf
Language: english 2012/08/20 v3.3p English support from the babel system

(/usr/share/texlive/texmf-dist/tex/generic/babel/babel.def
File: babel.def 2016/02/24 3.9q Babel common definitions
\babel@savecnt=\count87
\U@D=\dimen103
)
\l@canadian = a dialect from \language\l@american 
\l@australian = a dialect from \language\l@british 
\l@newzealand = a dialect from \language\l@british 
)
(/usr/share/texlive/texmf-dist/tex/generic/babel-greek/greek.ldf
Language: greek 2016/02/04 v1.9f Greek support for the babel system
\bbl@monogreek=\count88
\bbl@polygreek=\count89
\bbl@ancientgreek=\count90

(/usr/share/texlive/texmf-dist/tex/latex/greek-fontenc/lgrenc.def
File: lgrenc.def 2015/12/07 v0.13.1 LGR Greek font encoding definitions
Now handling font encoding LGR ...
... processing UTF-8 mapping file for font encoding LGR

(/usr/share/texlive/texmf-dist/tex/latex/greek-inputenc/lgrenc.dfu
File: lgrenc.dfu 2015/08/05 1.6 UTF-8 support for Greek
   defining Unicode char U+00A8 (decimal 168)
   defining Unicode char U+00AB (decimal 171)
   defining Unicode char U+00AF (decimal 175)
   defining Unicode char U+00B4 (decimal 180)
   defining Unicode char U+00B7 (decimal 183)
   defining Unicode char U+00BB (decimal 187)
   defining Unicode char U+0259 (decimal 601)
   defining Unicode char U+02D8 (decimal 728)
   defining Unicode char U+2013 (decimal 8211)
   defining Unicode char U+2014 (decimal 8212)
   defining Unicode char U+2018 (decimal 8216)
   defining Unicode char U+2019 (decimal 8217)
   defining Unicode char U+201A (decimal 8218)
   defining Unicode char U+2030 (decimal 8240)
   defining Unicode char U+2039 (decimal 8249)
   defining Unicode char U+203A (decimal 8250)
   defining Unicode char U+20AC (decimal 8364)
   defining Unicode char U+0374 (decimal 884)
   defining Unicode char U+0375 (decimal 885)
   defining Unicode char U+037A (decimal 890)
   defining Unicode char U+037E (decimal 894)
   defining Unicode char U+0384 (decimal 900)
   defining Unicode char U+0385 (decimal 901)
   defining Unicode char U+0386 (decimal 902)
   defining Unicode char U+0387 (decimal 903)
   defining Unicode char U+0388 (decimal 904)
   defining Unicode char U+0389 (decimal 905)
   defining Unicode char U+038A (decimal 906)
   defining Unicode char U+038C (decimal 908)
   defining Unicode char U+038E (decimal 910)
   defining Unicode char U+038F (decimal 911)
   defining Unicode char U+0390 (decimal 912)
   defining Unicode char U+0391 (decimal 913)
   defining Unicode char U+0392 (decimal 914)
   defining Unicode char U+0393 (decimal 915)
   defining Unicode char U+0394 (decimal 916)
   defining Unicode char U+0395 (decimal 917)
   defining Unicode char U+0396 (decimal 918)
   defining Unicode char U+0397 (decimal 919)
   defining Unicode char U+0398 (decimal 920)
   defining Unicode char U+0399 (decimal 921)
   defining Unicode char U+039A (decimal 922)
   defining Unicode char U+039B (decimal 923)
   defining Unicode char U+039C (decimal 924)
   defining Unicode char U+039D (decimal 925)
   defining Unicode char U+039E (decimal 926)
   defining Unicode char U+039F (decimal 927)
   defining Unicode char U+03A0 (decimal 928)
   defining Unicode char U+03A1 (decimal 929)
   defining Unicode char U+03A3 (decimal 931)
   defining Unicode char U+03A4 (decimal 932)
   defining Unicode char U+03A5 (decimal 933)
   defining Unicode char U+03A6 (decimal 934)
   defining Unicode char U+03A7 (decimal 935)
   defining Unicode char U+03A8 (decimal 936)
   defining Unicode char U+03A9 (decimal 937)
   defining Unicode char U+03AA (decimal 938)
   defining Unicode char U+03AB (decimal 939)
   defining Unicode char U+03AC (decimal 940)
   defining Unicode char U+03AD (decimal 941)
   defining Unicode char U+03AE (decimal 942)
   defining Unicode char U+03AF (decimal 943)
   defining Unicode char U+03B0 (decimal 944)
   defining Unicode char U+03B1 (decimal 945)
   defining Unicode char U+03B2 (decimal 946)
   defining Unicode char U+03B3 (decimal 947)
   defining Unicode char U+03B4 (decimal 948)
   defining Unicode char U+03B5 (decimal 949)
   defining Unicode char U+03B6 (decimal 950)
   defining Unicode char U+03B7 (decimal 951)
   defining Unicode char U+03B8 (decimal 952)
   defining Unicode char U+03B9 (decimal 953)
   defining Unicode char U+03BA (decimal 954)
   defining Unicode char U+03BB (decimal 955)
   defining Unicode char U+03BC (decimal 956)
   defining Unicode char U+03BD (decimal 957)
   defining Unicode char U+03BE (decimal 958)
   defining Unicode char U+03BF (decimal 959)
   defining Unicode char U+03C0 (decimal 960)
   defining Unicode char U+03C1 (decimal 961)
   defining Unicode char U+03C2 (decimal 962)
   defining Unicode char U+03C3 (decimal 963)
   defining Unicode char U+03C4 (decimal 964)
   defining Unicode char U+03C5 (decimal 965)
   defining Unicode char U+03C6 (decimal 966)
   defining Unicode char U+03C7 (decimal 967)
   defining Unicode char U+03C8 (decimal 968)
   defining Unicode char U+03C9 (decimal 969)
   defining Unicode char U+03CA (decimal 970)
   defining Unicode char U+03CB (decimal 971)
   defining Unicode char U+03CC (decimal 972)
   defining Unicode char U+03CD (decimal 973)
   defining Unicode char U+03CE (decimal 974)
   defining Unicode char U+03D0 (decimal 976)
   defining Unicode char U+03D1 (decimal 977)
   defining Unicode char U+03D5 (decimal 981)
   defining Unicode char U+03D6 (decimal 982)
   defining Unicode char U+03D8 (decimal 984)
   defining Unicode char U+03D9 (decimal 985)
   defining Unicode char U+03DA (decimal 986)
   defining Unicode char U+03DB (decimal 987)
   defining Unicode char U+03DC (decimal 988)
   defining Unicode char U+03DD (decimal 989)
   defining Unicode char U+03DF (decimal 991)
   defining Unicode char U+03E0 (decimal 992)
   defining Unicode char U+03E1 (decimal 993)
   defining Unicode char U+03F0 (decimal 1008)
   defining Unicode char U+03F1 (decimal 1009)
   defining Unicode char U+03F4 (decimal 1012)
   defining Unicode char U+03F5 (decimal 1013)
   defining Unicode char U+1F00 (decimal 7936)
   defining Unicode char U+1F01 (decimal 7937)
   defining Unicode char U+1F02 (decimal 7938)
   defining Unicode char U+1F03 (decimal 7939)
   defining Unicode char U+1F04 (decimal 7940)
   defining Unicode char U+1F05 (decimal 7941)
   defining Unicode char U+1F06 (decimal 7942)
   defining Unicode char U+1F07 (decimal 7943)
   defining Unicode char U+1F08 (decimal 7944)
   defining Unicode char U+1F09 (decimal 7945)
   defining Unicode char U+1F0A (decimal 7946)
   defining Unicode char U+1F0B (decimal 7947)
   defining Unicode char U+1F0C (decimal 7948)
   defining Unicode char U+1F0D (decimal 7949)
   defining Unicode char U+1F0E (decimal 7950)
   defining Unicode char U+1F0F (decimal 7951)
   defining Unicode char U+1F10 (decimal 7952)
   defining Unicode char U+1F11 (decimal 7953)
   defining Unicode char U+1F12 (decimal 7954)
   defining Unicode char U+1F13 (decimal 7955)
   defining Unicode char U+1F14 (decimal 7956)
   defining Unicode char U+1F15 (decimal 7957)
   defining Unicode char U+1F18 (decimal 7960)
   defining Unicode char U+1F19 (decimal 7961)
   defining Unicode char U+1F1A (decimal 7962)
   defining Unicode char U+1F1B (decimal 7963)
   defining Unicode char U+1F1C (decimal 7964)
   defining Unicode char U+1F1D (decimal 7965)
   defining Unicode char U+1F20 (decimal 7968)
   defining Unicode char U+1F21 (decimal 7969)
   defining Unicode char U+1F22 (decimal 7970)
   defining Unicode char U+1F23 (decimal 7971)
   defining Unicode char U+1F24 (decimal 7972)
   defining Unicode char U+1F25 (decimal 7973)
   defining Unicode char U+1F26 (decimal 7974)
   defining Unicode char U+1F27 (decimal 7975)
   defining Unicode char U+1F28 (decimal 7976)
   defining Unicode char U+1F29 (decimal 7977)
   defining Unicode char U+1F2A (decimal 7978)
   defining Unicode char U+1F2B (decimal 7979)
   defining Unicode char U+1F2C (decimal 7980)
   defining Unicode char U+1F2D (decimal 7981)
   defining Unicode char U+1F2E (decimal 7982)
   defining Unicode char U+1F2F (decimal 7983)
   defining Unicode char U+1F30 (decimal 7984)
   defining Unicode char U+1F31 (decimal 7985)
   defining Unicode char U+1F32 (decimal 7986)
   defining Unicode char U+1F33 (decimal 7987)
   defining Unicode char U+1F34 (decimal 7988)
   defining Unicode char U+1F35 (decimal 7989)
   defining Unicode char U+1F36 (decimal 7990)
   defining Unicode char U+1F37 (decimal 7991)
   defining Unicode char U+1F38 (decimal 7992)
   defining Unicode char U+1F39 (decimal 7993)
   defining Unicode char U+1F3A (decimal 7994)
   defining Unicode char U+1F3B (decimal 7995)
   defining Unicode char U+1F3C (decimal 7996)
   defining Unicode char U+1F3D (decimal 7997)
   defining Unicode char U+1F3E (decimal 7998)
   defining Unicode char U+1F3F (decimal 7999)
   defining Unicode char U+1F40 (decimal 8000)
   defining Unicode char U+1F41 (decimal 8001)
   defining Unicode char U+1F42 (decimal 8002)
   defining Unicode char U+1F43 (decimal 8003)
   defining Unicode char U+1F44 (decimal 8004)
   defining Unicode char U+1F45 (decimal 8005)
   defining Unicode char U+1F48 (decimal 8008)
   defining Unicode char U+1F49 (decimal 8009)
   defining Unicode char U+1F4A (decimal 8010)
   defining Unicode char U+1F4B (decimal 8011)
   defining Unicode char U+1F4C (decimal 8012)
   defining Unicode char U+1F4D (decimal 8013)
   defining Unicode char U+1F50 (decimal 8016)
   defining Unicode char U+1F51 (decimal 8017)
   defining Unicode char U+1F52 (decimal 8018)
   defining Unicode char U+1F53 (decimal 8019)
   defining Unicode char U+1F54 (decimal 8020)
   defining Unicode char U+1F55 (decimal 8021)
   defining Unicode char U+1F56 (decimal 8022)
   defining Unicode char U+1F57 (decimal 8023)
   defining Unicode char U+1F59 (decimal 8025)
   defining Unicode char U+1F5B (decimal 8027)
   defining Unicode char U+1F5D (decimal 8029)
   defining Unicode char U+1F5F (decimal 8031)
   defining Unicode char U+1F60 (decimal 8032)
   defining Unicode char U+1F61 (decimal 8033)
   defining Unicode char U+1F62 (decimal 8034)
   defining Unicode char U+1F63 (decimal 8035)
   defining Unicode char U+1F64 (decimal 8036)
   defining Unicode char U+1F65 (decimal 8037)
   defining Unicode char U+1F66 (decimal 8038)
   defining Unicode char U+1F67 (decimal 8039)
   defining Unicode char U+1F68 (decimal 8040)
   defining Unicode char U+1F69 (decimal 8041)
   defining Unicode char U+1F6A (decimal 8042)
   defining Unicode char U+1F6B (decimal 8043)
   defining Unicode char U+1F6C (decimal 8044)
   defining Unicode char U+1F6D (decimal 8045)
   defining Unicode char U+1F6E (decimal 8046)
   defining Unicode char U+1F6F (decimal 8047)
   defining Unicode char U+1F70 (decimal 8048)
   defining Unicode char U+1F71 (decimal 8049)
   defining Unicode char U+1F72 (decimal 8050)
   defining Unicode char U+1F73 (decimal 8051)
   defining Unicode char U+1F74 (decimal 8052)
   defining Unicode char U+1F75 (decimal 8053)
   defining Unicode char U+1F76 (decimal 8054)
   defining Unicode char U+1F77 (decimal 8055)
   defining Unicode char U+1F78 (decimal 8056)
   defining Unicode char U+1F79 (decimal 8057)
   defining Unicode char U+1F7A (decimal 8058)
   defining Unicode char U+1F7B (decimal 8059)
   defining Unicode char U+1F7C (decimal 8060)
   defining Unicode char U+1F7D (decimal 8061)
   defining Unicode char U+1F80 (decimal 8064)
   defining Unicode char U+1F81 (decimal 8065)
   defining Unicode char U+1F82 (decimal 8066)
   defining Unicode char U+1F83 (decimal 8067)
   defining Unicode char U+1F84 (decimal 8068)
   defining Unicode char U+1F85 (decimal 8069)
   defining Unicode char U+1F86 (decimal 8070)
   defining Unicode char U+1F87 (decimal 8071)
   defining Unicode char U+1F88 (decimal 8072)
   defining Unicode char U+1F89 (decimal 8073)
   defining Unicode char U+1F8A (decimal 8074)
   defining Unicode char U+1F8B (decimal 8075)
   defining Unicode char U+1F8C (decimal 8076)
   defining Unicode char U+1F8D (decimal 8077)
   defining Unicode char U+1F8E (decimal 8078)
   defining Unicode char U+1F8F (decimal 8079)
   defining Unicode char U+1F90 (decimal 8080)
   defining Unicode char U+1F91 (decimal 8081)
   defining Unicode char U+1F92 (decimal 8082)
   defining Unicode char U+1F93 (decimal 8083)
   defining Unicode char U+1F94 (decimal 8084)
   defining Unicode char U+1F95 (decimal 8085)
   defining Unicode char U+1F96 (decimal 8086)
   defining Unicode char U+1F97 (decimal 8087)
   defining Unicode char U+1F98 (decimal 8088)
   defining Unicode char U+1F99 (decimal 8089)
   defining Unicode char U+1F9A (decimal 8090)
   defining Unicode char U+1F9B (decimal 8091)
   defining Unicode char U+1F9C (decimal 8092)
   defining Unicode char U+1F9D (decimal 8093)
   defining Unicode char U+1F9E (decimal 8094)
   defining Unicode char U+1F9F (decimal 8095)
   defining Unicode char U+1FA0 (decimal 8096)
   defining Unicode char U+1FA1 (decimal 8097)
   defining Unicode char U+1FA2 (decimal 8098)
   defining Unicode char U+1FA3 (decimal 8099)
   defining Unicode char U+1FA4 (decimal 8100)
   defining Unicode char U+1FA5 (decimal 8101)
   defining Unicode char U+1FA6 (decimal 8102)
   defining Unicode char U+1FA7 (decimal 8103)
   defining Unicode char U+1FA8 (decimal 8104)
   defining Unicode char U+1FA9 (decimal 8105)
   defining Unicode char U+1FAA (decimal 8106)
   defining Unicode char U+1FAB (decimal 8107)
   defining Unicode char U+1FAC (decimal 8108)
   defining Unicode char U+1FAD (decimal 8109)
   defining Unicode char U+1FAE (decimal 8110)
   defining Unicode char U+1FAF (decimal 8111)
   defining Unicode char U+1FB0 (decimal 8112)
   defining Unicode char U+1FB1 (decimal 8113)
   defining Unicode char U+1FB2 (decimal 8114)
   defining Unicode char U+1FB3 (decimal 8115)
   defining Unicode char U+1FB4 (decimal 8116)
   defining Unicode char U+1FB6 (decimal 8118)
   defining Unicode char U+1FB7 (decimal 8119)
   defining Unicode char U+1FB8 (decimal 8120)
   defining Unicode char U+1FB9 (decimal 8121)
   defining Unicode char U+1FBA (decimal 8122)
   defining Unicode char U+1FBB (decimal 8123)
   defining Unicode char U+1FBC (decimal 8124)
   defining Unicode char U+1FBD (decimal 8125)
   defining Unicode char U+1FBE (decimal 8126)
   defining Unicode char U+1FBF (decimal 8127)
   defining Unicode char U+1FC0 (decimal 8128)
   defining Unicode char U+1FC1 (decimal 8129)
   defining Unicode char U+1FC2 (decimal 8130)
   defining Unicode char U+1FC3 (decimal 8131)
   defining Unicode char U+1FC4 (decimal 8132)
   defining Unicode char U+1FC6 (decimal 8134)
   defining Unicode char U+1FC7 (decimal 8135)
   defining Unicode char U+1FC8 (decimal 8136)
   defining Unicode char U+1FC9 (decimal 8137)
   defining Unicode char U+1FCA (decimal 8138)
   defining Unicode char U+1FCB (decimal 8139)
   defining Unicode char U+1FCC (decimal 8140)
   defining Unicode char U+1FCD (decimal 8141)
   defining Unicode char U+1FCE (decimal 8142)
   defining Unicode char U+1FCF (decimal 8143)
   defining Unicode char U+1FD0 (decimal 8144)
   defining Unicode char U+1FD1 (decimal 8145)
   defining Unicode char U+1FD2 (decimal 8146)
   defining Unicode char U+1FD3 (decimal 8147)
   defining Unicode char U+1FD6 (decimal 8150)
   defining Unicode char U+1FD7 (decimal 8151)
   defining Unicode char U+1FD8 (decimal 8152)
   defining Unicode char U+1FD9 (decimal 8153)
   defining Unicode char U+1FDA (decimal 8154)
   defining Unicode char U+1FDB (decimal 8155)
   defining Unicode char U+1FDD (decimal 8157)
   defining Unicode char U+1FDE (decimal 8158)
   defining Unicode char U+1FDF (decimal 8159)
   defining Unicode char U+1FE0 (decimal 8160)
   defining Unicode char U+1FE1 (decimal 8161)
   defining Unicode char U+1FE2 (decimal 8162)
   defining Unicode char U+1FE3 (decimal 8163)
   defining Unicode char U+1FE4 (decimal 8164)
   defining Unicode char U+1FE5 (decimal 8165)
   defining Unicode char U+1FE6 (decimal 8166)
   defining Unicode char U+1FE7 (decimal 8167)
   defining Unicode char U+1FE8 (decimal 8168)
   defining Unicode char U+1FE9 (decimal 8169)
   defining Unicode char U+1FEA (decimal 8170)
   defining Unicode char U+1FEB (decimal 8171)
   defining Unicode char U+1FEC (decimal 8172)
   defining Unicode char U+1FED (decimal 8173)
   defining Unicode char U+1FEE (decimal 8174)
   defining Unicode char U+1FEF (decimal 8175)
   defining Unicode char U+1FF2 (decimal 8178)
   defining Unicode char U+1FF3 (decimal 8179)
   defining Unicode char U+1FF4 (decimal 8180)
   defining Unicode char U+1FF6 (decimal 8182)
   defining Unicode char U+1FF7 (decimal 8183)
   defining Unicode char U+1FF8 (decimal 8184)
   defining Unicode char U+1FF9 (decimal 8185)
   defining Unicode char U+1FFA (decimal 8186)
   defining Unicode char U+1FFB (decimal 8187)
   defining Unicode char U+1FFC (decimal 8188)
   defining Unicode char U+1FFD (decimal 8189)
   defining Unicode char U+1FFE (decimal 8190)
   defining Unicode char U+2013 (decimal 8211)
   defining Unicode char U+2014 (decimal 8212)
   defining Unicode char U+2018 (decimal 8216)
   defining Unicode char U+2019 (decimal 8217)
   defining Unicode char U+2030 (decimal 8240)
   defining Unicode char U+20AC (decimal 8364)
   defining Unicode char U+2126 (decimal 8486)
   defining Unicode char U+10144 (decimal 65860)
   defining Unicode char U+10145 (decimal 65861)
   defining Unicode char U+10146 (decimal 65862)
   defining Unicode char U+10147 (decimal 65863)
)
(/usr/share/texlive/texmf-dist/tex/latex/greek-fontenc/greek-fontenc.def
File: greek-fontenc.def 2015/08/04 v0.13 Common Greek font encoding definitions

))))
(/usr/share/texlive/texmf-dist/tex/latex/geometry/geometry.sty
Package: geometry 2010/09/12 v5.6 Page Geometry

(/usr/share/texlive/texmf-dist/tex/latex/graphics/keyval.sty
Package: keyval 2014/10/28 v1.15 key=value parser (DPC)
\KV@toks@=\toks16
)
(/usr/share/texlive/texmf-dist/tex/generic/oberdiek/ifpdf.sty
Package: ifpdf 2011/01/30 v2.3 Provides the ifpdf switch (HO)
Package ifpdf Info: pdfTeX in PDF mode is detected.
)
(/usr/share/texlive/texmf-dist/tex/generic/oberdiek/ifvtex.sty
Package: ifvtex 2010/03/01 v1.5 Detect VTeX and its facilities (HO)
Package ifvtex Info: VTeX not detected.
)
(/usr/share/texlive/texmf-dist/tex/generic/ifxetex/ifxetex.sty
Package: ifxetex 2010/09/12 v0.6 Provides ifxetex conditional
)
\Gm@cnth=\count91
\Gm@cntv=\count92
\c@Gm@tempcnt=\count93
\Gm@bindingoffset=\dimen104
\Gm@wd@mp=\dimen105
\Gm@odd@mp=\dimen106
\Gm@even@mp=\dimen107
\Gm@layoutwidth=\dimen108
\Gm@layoutheight=\dimen109
\Gm@layouthoffset=\dimen110
\Gm@layoutvoffset=\dimen111
\Gm@dimlist=\toks17
)
(/usr/share/texlive/texmf-dist/tex/latex/paralist/paralist.sty
Package: paralist 2015/12/30 v2.5 Extended list environments
\pltopsep=\skip43
\plpartopsep=\skip44
\plitemsep=\skip45
\plparsep=\skip46
\pl@lab=\toks18
)
(/usr/share/texlive/texmf-dist/tex/latex/wrapfig/wrapfig.sty
\wrapoverhang=\dimen112
\WF@size=\dimen113
\c@WF@wrappedlines=\count94
\WF@box=\box26
\WF@everypar=\toks19
Package: wrapfig 2003/01/31  v 3.6
)
(/usr/share/texlive/texmf-dist/tex/latex/graphics/graphicx.sty
Package: graphicx 2014/10/28 v1.0g Enhanced LaTeX Graphics (DPC,SPQR)

(/usr/share/texlive/texmf-dist/tex/latex/graphics/graphics.sty
Package: graphics 2016/01/03 v1.0q Standard LaTeX Graphics (DPC,SPQR)

(/usr/share/texlive/texmf-dist/tex/latex/graphics/trig.sty
Package: trig 2016/01/03 v1.10 sin cos tan (DPC)
)
(/usr/share/texlive/texmf-dist/tex/latex/latexconfig/graphics.cfg
File: graphics.cfg 2010/04/23 v1.9 graphics configuration of TeX Live
)
Package graphics Info: Driver file: pdftex.def on input line 95.

(/usr/share/texlive/texmf-dist/tex/latex/pdftex-def/pdftex.def
File: pdftex.def 2011/05/27 v0.06d Graphics/color for pdfTeX

(/usr/share/texlive/texmf-dist/tex/generic/oberdiek/infwarerr.sty
Package: infwarerr 2010/04/08 v1.3 Providing info/warning/error messages (HO)
)
(/usr/share/texlive/texmf-dist/tex/generic/oberdiek/ltxcmds.sty
Package: ltxcmds 2011/11/09 v1.22 LaTeX kernel commands for general use (HO)
)
\Gread@gobject=\count95
))
\Gin@req@height=\dimen114
\Gin@req@width=\dimen115
)
(/usr/share/texlive/texmf-dist/tex/latex/caption/subcaption.sty
Package: subcaption 2016/02/20 v1.1-142 Sub-captions (AR)

(/usr/share/texlive/texmf-dist/tex/latex/caption/caption.sty
Package: caption 2016/02/21 v3.3-144 Customizing captions (AR)

(/usr/share/texlive/texmf-dist/tex/latex/caption/caption3.sty
Package: caption3 2016/02/04 v1.7-139 caption3 kernel (AR)
Package caption3 Info: TeX engine: e-TeX on input line 67.
\captionmargin=\dimen116
\captionmargin@=\dimen117
\captionwidth=\dimen118
\caption@tempdima=\dimen119
\caption@indent=\dimen120
\caption@parindent=\dimen121
\caption@hangindent=\dimen122
)
\c@ContinuedFloat=\count96
Package caption Info: wrapfig package is loaded.
)
\c@subfigure=\count97
\c@subtable=\count98
)
(/usr/share/texlive/texmf-dist/tex/latex/hyperref/hyperref.sty
Package: hyperref 2012/11/06 v6.83m Hypertext links for LaTeX

(/usr/share/texlive/texmf-dist/tex/generic/oberdiek/hobsub-hyperref.sty
Package: hobsub-hyperref 2012/05/28 v1.13 Bundle oberdiek, subset hyperref (HO)


(/usr/share/texlive/texmf-dist/tex/generic/oberdiek/hobsub-generic.sty
Package: hobsub-generic 2012/05/28 v1.13 Bundle oberdiek, subset generic (HO)
Package: hobsub 2012/05/28 v1.13 Construct package bundles (HO)
Package hobsub Info: Skipping package `infwarerr' (already loaded).
Package hobsub Info: Skipping package `ltxcmds' (already loaded).
Package: ifluatex 2010/03/01 v1.3 Provides the ifluatex switch (HO)
Package ifluatex Info: LuaTeX not detected.
Package hobsub Info: Skipping package `ifvtex' (already loaded).
Package: intcalc 2007/09/27 v1.1 Expandable calculations with integers (HO)
Package hobsub Info: Skipping package `ifpdf' (already loaded).
Package: etexcmds 2011/02/16 v1.5 Avoid name clashes with e-TeX commands (HO)
Package etexcmds Info: Could not find \expanded.
(etexcmds)             That can mean that you are not using pdfTeX 1.50 or
(etexcmds)             that some package has redefined \expanded.
(etexcmds)             In the latter case, load this package earlier.
Package: kvsetkeys 2012/04/25 v1.16 Key value parser (HO)
Package: kvdefinekeys 2011/04/07 v1.3 Define keys (HO)
Package: pdftexcmds 2011/11/29 v0.20 Utility functions of pdfTeX for LuaTeX (HO
)
Package pdftexcmds Info: LuaTeX not detected.
Package pdftexcmds Info: \pdf@primitive is available.
Package pdftexcmds Info: \pdf@ifprimitive is available.
Package pdftexcmds Info: \pdfdraftmode found.
Package: pdfescape 2011/11/25 v1.13 Implements pdfTeX's escape features (HO)
Package: bigintcalc 2012/04/08 v1.3 Expandable calculations on big integers (HO
)
Package: bitset 2011/01/30 v1.1 Handle bit-vector datatype (HO)
Package: uniquecounter 2011/01/30 v1.2 Provide unlimited unique counter (HO)
)
Package hobsub Info: Skipping package `hobsub' (already loaded).
Package: letltxmacro 2010/09/02 v1.4 Let assignment for LaTeX macros (HO)
Package: hopatch 2012/05/28 v1.2 Wrapper for package hooks (HO)
Package: xcolor-patch 2011/01/30 xcolor patch
Package: atveryend 2011/06/30 v1.8 Hooks at the very end of document (HO)
Package atveryend Info: \enddocument detected (standard20110627).
Package: atbegshi 2011/10/05 v1.16 At begin shipout hook (HO)
Package: refcount 2011/10/16 v3.4 Data extraction from label references (HO)
Package: hycolor 2011/01/30 v1.7 Color options for hyperref/bookmark (HO)
)
(/usr/share/texlive/texmf-dist/tex/latex/oberdiek/auxhook.sty
Package: auxhook 2011/03/04 v1.3 Hooks for auxiliary files (HO)
)
(/usr/share/texlive/texmf-dist/tex/latex/oberdiek/kvoptions.sty
Package: kvoptions 2011/06/30 v3.11 Key value format for package options (HO)
)
\@linkdim=\dimen123
\Hy@linkcounter=\count99
\Hy@pagecounter=\count100

(/usr/share/texlive/texmf-dist/tex/latex/hyperref/pd1enc.def
File: pd1enc.def 2012/11/06 v6.83m Hyperref: PDFDocEncoding definition (HO)
Now handling font encoding PD1 ...
... no UTF-8 mapping file for font encoding PD1
)
\Hy@SavedSpaceFactor=\count101

(/usr/share/texlive/texmf-dist/tex/latex/latexconfig/hyperref.cfg
File: hyperref.cfg 2002/06/06 v1.2 hyperref configuration of TeXLive
)
Package hyperref Info: Hyper figures OFF on input line 4443.
Package hyperref Info: Link nesting OFF on input line 4448.
Package hyperref Info: Hyper index ON on input line 4451.
Package hyperref Info: Plain pages OFF on input line 4458.
Package hyperref Info: Backreferencing OFF on input line 4463.
Package hyperref Info: Implicit mode ON; LaTeX internals redefined.
Package hyperref Info: Bookmarks ON on input line 4688.
\c@Hy@tempcnt=\count102

(/usr/share/texlive/texmf-dist/tex/latex/url/url.sty
\Urlmuskip=\muskip10
Package: url 2013/09/16  ver 3.4  Verb mode for urls, etc.
)
LaTeX Info: Redefining \url on input line 5041.
\XeTeXLinkMargin=\dimen124
\Fld@menulength=\count103
\Field@Width=\dimen125
\Fld@charsize=\dimen126
Package hyperref Info: Hyper figures OFF on input line 6295.
Package hyperref Info: Link nesting OFF on input line 6300.
Package hyperref Info: Hyper index ON on input line 6303.
Package hyperref Info: backreferencing OFF on input line 6310.
Package hyperref Info: Link coloring OFF on input line 6315.
Package hyperref Info: Link coloring with OCG OFF on input line 6320.
Package hyperref Info: PDF/A mode OFF on input line 6325.
LaTeX Info: Redefining \ref on input line 6365.
LaTeX Info: Redefining \pageref on input line 6369.
\Hy@abspage=\count104
\c@Item=\count105
\c@Hfootnote=\count106
)

Package hyperref Message: Driver (autodetected): hpdftex.

(/usr/share/texlive/texmf-dist/tex/latex/hyperref/hpdftex.def
File: hpdftex.def 2012/11/06 v6.83m Hyperref driver for pdfTeX
\Fld@listcount=\count107
\c@bookmark@seq@number=\count108

(/usr/share/texlive/texmf-dist/tex/latex/oberdiek/rerunfilecheck.sty
Package: rerunfilecheck 2011/04/15 v1.7 Rerun checks for auxiliary files (HO)
Package uniquecounter Info: New unique counter `rerunfilecheck' on input line 2
82.
)
\Hy@SectionHShift=\skip47
)
(./report.aux
LaTeX Font Info:    Try loading font information for LGR+cmr on input line 19.
 (/usr/share/texlive/texmf-dist/tex/latex/cbfonts-fd/lgrcmr.fd
File: lgrcmr.fd 2013/09/01 v1.0 Greek European Computer Regular
))
\openout1 = `report.aux'.

LaTeX Font Info:    Checking defaults for OML/cmm/m/it on input line 19.
LaTeX Font Info:    ... okay on input line 19.
LaTeX Font Info:    Checking defaults for T1/cmr/m/n on input line 19.
LaTeX Font Info:    ... okay on input line 19.
LaTeX Font Info:    Checking defaults for OT1/cmr/m/n on input line 19.
LaTeX Font Info:    ... okay on input line 19.
LaTeX Font Info:    Checking defaults for OMS/cmsy/m/n on input line 19.
LaTeX Font Info:    ... okay on input line 19.
LaTeX Font Info:    Checking defaults for OMX/cmex/m/n on input line 19.
LaTeX Font Info:    ... okay on input line 19.
LaTeX Font Info:    Checking defaults for U/cmr/m/n on input line 19.
LaTeX Font Info:    ... okay on input line 19.
LaTeX Font Info:    Checking defaults for LGR/cmr/m/n on input line 19.
LaTeX Font Info:    ... okay on input line 19.
LaTeX Font Info:    Checking defaults for PD1/pdf/m/n on input line 19.
LaTeX Font Info:    ... okay on input line 19.

*geometry* driver: auto-detecting
*geometry* detected driver: pdftex
*geometry* verbose mode - [ preamble ] result:
* driver: pdftex
* paper: a4paper
* layout: <same size as paper>
* layoutoffset:(h,v)=(0.0pt,0.0pt)
* modes: 
* h-part:(L,W,R)=(71.13188pt, 455.24411pt, 71.13188pt)
* v-part:(T,H,B)=(56.9055pt, 731.23584pt, 56.9055pt)
* \paperwidth=597.50787pt
* \paperheight=845.04684pt
* \textwidth=455.24411pt
* \textheight=731.23584pt
* \oddsidemargin=-1.1381pt
* \evensidemargin=-1.1381pt
* \topmargin=-52.36449pt
* \headheight=12.0pt
* \headsep=25.0pt
* \topskip=12.0pt
* \footskip=30.0pt
* \marginparwidth=35.0pt
* \marginparsep=10.0pt
* \columnsep=10.0pt
* \skip\footins=10.8pt plus 4.0pt minus 2.0pt
* \hoffset=0.0pt
* \voffset=0.0pt
* \mag=1000
* \@twocolumnfalse
* \@twosidefalse
* \@mparswitchfalse
* \@reversemarginfalse
* (1in=72.27pt=25.4mm, 1cm=28.453pt)

(/usr/share/texlive/texmf-dist/tex/context/base/supp-pdf.mkii
[Loading MPS to PDF converter (version 2006.09.02).]
\scratchcounter=\count109
\scratchdimen=\dimen127
\scratchbox=\box27
\nofMPsegments=\count110
\nofMParguments=\count111
\everyMPshowfont=\toks20
\MPscratchCnt=\count112
\MPscratchDim=\dimen128
\MPnumerator=\count113
\makeMPintoPDFobject=\count114
\everyMPtoPDFconversion=\toks21
) (/usr/share/texlive/texmf-dist/tex/latex/oberdiek/epstopdf-base.sty
Package: epstopdf-base 2010/02/09 v2.5 Base part for package epstopdf

(/usr/share/texlive/texmf-dist/tex/latex/oberdiek/grfext.sty
Package: grfext 2010/08/19 v1.1 Manage graphics extensions (HO)
)
Package grfext Info: Graphics extension search list:
(grfext)             [.png,.pdf,.jpg,.mps,.jpeg,.jbig2,.jb2,.PNG,.PDF,.JPG,.JPE
G,.JBIG2,.JB2,.eps]
(grfext)             \AppendGraphicsExtensions on input line 452.

(/usr/share/texlive/texmf-dist/tex/latex/latexconfig/epstopdf-sys.cfg
File: epstopdf-sys.cfg 2010/07/13 v1.3 Configuration of (r)epstopdf for TeX Liv
e
))
Package caption Info: Begin \AtBeginDocument code.
Package caption Info: hyperref package is loaded.
Package caption Info: End \AtBeginDocument code.
\AtBeginShipoutBox=\box28
Package hyperref Info: Link coloring OFF on input line 19.

(/usr/share/texlive/texmf-dist/tex/latex/hyperref/nameref.sty
Package: nameref 2012/10/27 v2.43 Cross-referencing by name of section

(/usr/share/texlive/texmf-dist/tex/generic/oberdiek/gettitlestring.sty
Package: gettitlestring 2010/12/03 v1.4 Cleanup title references (HO)
)
\c@section@level=\count115
)
LaTeX Info: Redefining \ref on input line 19.
LaTeX Info: Redefining \pageref on input line 19.
LaTeX Info: Redefining \nameref on input line 19.

(./report.out) (./report.out)
\@outlinefile=\write3
\openout3 = `report.out'.

 [1

{/var/lib/texmf/fonts/map/pdftex/updmap/pdftex.map}]

Package hyperref Warning: Glyph not defined in PD1 encoding,
(hyperref)                removing `\textEpsilon' on input line 51.


Package hyperref Warning: Glyph not defined in PD1 encoding,
(hyperref)                removing `\textiota' on input line 51.


Package hyperref Warning: Glyph not defined in PD1 encoding,
(hyperref)                removing `\textsigma' on input line 51.


Package hyperref Warning: Glyph not defined in PD1 encoding,
(hyperref)                removing `\textalpha' on input line 51.


Package hyperref Warning: Glyph not defined in PD1 encoding,
(hyperref)                removing `\textgamma' on input line 51.


Package hyperref Warning: Glyph not defined in PD1 encoding,
(hyperref)                removing `\textomega' on input line 51.


Package hyperref Warning: Glyph not defined in PD1 encoding,
(hyperref)                removing `\textgamma' on input line 51.


Package hyperref Warning: Glyph not defined in PD1 encoding,
(hyperref)                removing `\ensuregreek' on input line 51.


Package hyperref Warning: Glyph not defined in PD1 encoding,
(hyperref)                removing `\acctonos' on input line 51.


Package hyperref Warning: Glyph not defined in PD1 encoding,
(hyperref)                removing `\texteta' on input line 51.

LaTeX Font Info:    External font `cmex10' loaded for size
(Font)              <12> on input line 52.
LaTeX Font Info:    External font `cmex10' loaded for size
(Font)              <8> on input line 52.
LaTeX Font Info:    External font `cmex10' loaded for size
(Font)              <6> on input line 52.

Package hyperref Warning: Glyph not defined in PD1 encoding,
(hyperref)                removing `\textPi' on input line 54.


Package hyperref Warning: Glyph not defined in PD1 encoding,
(hyperref)                removing `\textrho' on input line 54.


Package hyperref Warning: Glyph not defined in PD1 encoding,
(hyperref)                removing `\ensuregreek' on input line 54.


Package hyperref Warning: Glyph not defined in PD1 encoding,
(hyperref)                removing `\acctonos' on input line 54.


Package hyperref Warning: Glyph not defined in PD1 encoding,
(hyperref)                removing `\textomega' on input line 54.


Package hyperref Warning: Glyph not defined in PD1 encoding,
(hyperref)                removing `\texttau' on input line 54.


Package hyperref Warning: Glyph not defined in PD1 encoding,
(hyperref)                removing `\texteta' on input line 54.


Package hyperref Warning: Glyph not defined in PD1 encoding,
(hyperref)                removing `\textUpsilon' on input line 54.


Package hyperref Warning: Glyph not defined in PD1 encoding,
(hyperref)                removing `\textlambda' on input line 54.


Package hyperref Warning: Glyph not defined in PD1 encoding,
(hyperref)                removing `\textomicron' on input line 54.


Package hyperref Warning: Glyph not defined in PD1 encoding,
(hyperref)                removing `\textpi' on input line 54.


Package hyperref Warning: Glyph not defined in PD1 encoding,
(hyperref)                removing `\textomicron' on input line 54.


Package hyperref Warning: Glyph not defined in PD1 encoding,
(hyperref)                removing `\ensuregreek' on input line 54.


Package hyperref Warning: Glyph not defined in PD1 encoding,
(hyperref)                removing `\acctonos' on input line 54.


Package hyperref Warning: Glyph not defined in PD1 encoding,
(hyperref)                removing `\textiota' on input line 54.


Package hyperref Warning: Glyph not defined in PD1 encoding,
(hyperref)                removing `\texteta' on input line 54.


Package hyperref Warning: Glyph not defined in PD1 encoding,
(hyperref)                removing `\textsigma' on input line 54.


Package hyperref Warning: Glyph not defined in PD1 encoding,
(hyperref)                removing `\texteta' on input line 54.


Package hyperref Warning: Glyph not defined in PD1 encoding,
(hyperref)                removing `\textPi' on input line 56.


Package hyperref Warning: Glyph not defined in PD1 encoding,
(hyperref)                removing `\textepsilon' on input line 56.


Package hyperref Warning: Glyph not defined in PD1 encoding,
(hyperref)                removing `\textrho' on input line 56.


Package hyperref Warning: Glyph not defined in PD1 encoding,
(hyperref)                removing `\textiota' on input line 56.


Package hyperref Warning: Glyph not defined in PD1 encoding,
(hyperref)                removing `\textgamma' on input line 56.


Package hyperref Warning: Glyph not defined in PD1 encoding,
(hyperref)                removing `\textrho' on input line 56.


Package hyperref Warning: Glyph not defined in PD1 encoding,
(hyperref)                removing `\textalpha' on input line 56.


Package hyperref Warning: Glyph not defined in PD1 encoding,
(hyperref)                removing `\textphi' on input line 56.


Package hyperref Warning: Glyph not defined in PD1 encoding,
(hyperref)                removing `\ensuregreek' on input line 56.


Package hyperref Warning: Glyph not defined in PD1 encoding,
(hyperref)                removing `\acctonos' on input line 56.


Package hyperref Warning: Glyph not defined in PD1 encoding,
(hyperref)                removing `\texteta' on input line 56.


Package hyperref Warning: Glyph not defined in PD1 encoding,
(hyperref)                removing `\textupsilon' on input line 56.


Package hyperref Warning: Glyph not defined in PD1 encoding,
(hyperref)                removing `\textlambda' on input line 56.


Package hyperref Warning: Glyph not defined in PD1 encoding,
(hyperref)                removing `\textomicron' on input line 56.


Package hyperref Warning: Glyph not defined in PD1 encoding,
(hyperref)                removing `\textpi' on input line 56.


Package hyperref Warning: Glyph not defined in PD1 encoding,
(hyperref)                removing `\textomicron' on input line 56.


Package hyperref Warning: Glyph not defined in PD1 encoding,
(hyperref)                removing `\ensuregreek' on input line 56.


Package hyperref Warning: Glyph not defined in PD1 encoding,
(hyperref)                removing `\acctonos' on input line 56.


Package hyperref Warning: Glyph not defined in PD1 encoding,
(hyperref)                removing `\textiota' on input line 56.


Package hyperref Warning: Glyph not defined in PD1 encoding,
(hyperref)                removing `\texteta' on input line 56.


Package hyperref Warning: Glyph not defined in PD1 encoding,
(hyperref)                removing `\textsigma' on input line 56.


Package hyperref Warning: Glyph not defined in PD1 encoding,
(hyperref)                removing `\texteta' on input line 56.


Package hyperref Warning: Glyph not defined in PD1 encoding,
(hyperref)                removing `\textvarsigma' on input line 56.


Overfull \hbox (4.0942pt too wide) in paragraph at lines 61--74
 [][] 
 []


Package hyperref Warning: Glyph not defined in PD1 encoding,
(hyperref)                removing `\textSigma' on input line 81.


Package hyperref Warning: Glyph not defined in PD1 encoding,
(hyperref)                removing `\texttau' on input line 81.


Package hyperref Warning: Glyph not defined in PD1 encoding,
(hyperref)                removing `\textalpha' on input line 81.


Package hyperref Warning: Glyph not defined in PD1 encoding,
(hyperref)                removing `\texttau' on input line 81.


Package hyperref Warning: Glyph not defined in PD1 encoding,
(hyperref)                removing `\textiota' on input line 81.


Package hyperref Warning: Glyph not defined in PD1 encoding,
(hyperref)                removing `\textsigma' on input line 81.


Package hyperref Warning: Glyph not defined in PD1 encoding,
(hyperref)                removing `\texttau' on input line 81.


Package hyperref Warning: Glyph not defined in PD1 encoding,
(hyperref)                removing `\textiota' on input line 81.


Package hyperref Warning: Glyph not defined in PD1 encoding,
(hyperref)                removing `\textkappa' on input line 81.


Package hyperref Warning: Glyph not defined in PD1 encoding,
(hyperref)                removing `\ensuregreek' on input line 81.


Package hyperref Warning: Glyph not defined in PD1 encoding,
(hyperref)                removing `\acctonos' on input line 81.


Package hyperref Warning: Glyph not defined in PD1 encoding,
(hyperref)                removing `\texteta' on input line 81.


Package hyperref Warning: Glyph not defined in PD1 encoding,
(hyperref)                removing `\textsigma' on input line 81.


Package hyperref Warning: Glyph not defined in PD1 encoding,
(hyperref)                removing `\textupsilon' on input line 81.


Package hyperref Warning: Glyph not defined in PD1 encoding,
(hyperref)                removing `\textpi' on input line 81.


Package hyperref Warning: Glyph not defined in PD1 encoding,
(hyperref)                removing `\textepsilon' on input line 81.


Package hyperref Warning: Glyph not defined in PD1 encoding,
(hyperref)                removing `\textrho' on input line 81.


Package hyperref Warning: Glyph not defined in PD1 encoding,
(hyperref)                removing `\textiota' on input line 81.


Package hyperref Warning: Glyph not defined in PD1 encoding,
(hyperref)                removing `\textphi' on input line 81.


Package hyperref Warning: Glyph not defined in PD1 encoding,
(hyperref)                removing `\textomicron' on input line 81.


Package hyperref Warning: Glyph not defined in PD1 encoding,
(hyperref)                removing `\textrho' on input line 81.


Package hyperref Warning: Glyph not defined in PD1 encoding,
(hyperref)                removing `\ensuregreek' on input line 81.


Package hyperref Warning: Glyph not defined in PD1 encoding,
(hyperref)                removing `\acctonos' on input line 81.


Package hyperref Warning: Glyph not defined in PD1 encoding,
(hyperref)                removing `\textalpha' on input line 81.

LaTeX Info: Redefining \anw@print on input line 84.
LaTeX Info: Redefining \anw@print on input line 85.
pdfTeX warning (ext4): destination with the same identifier (name{page.1}) has 
been already used, duplicate ignored
<to be read again> 
                   \relax 
l.86 
      [1]
Package epstopdf Info: Source file: <./images/hist1.eps>
(epstopdf)                    date: 2019-05-09 13:48:36
(epstopdf)                    size: 26819 bytes
(epstopdf)             Output file: <./images/hist1-eps-converted-to.pdf>
(epstopdf)                    date: 2019-05-09 13:49:08
(epstopdf)                    size: 25150 bytes
(epstopdf)             Command: <repstopdf --outfile=./images/hist1-eps-convert
ed-to.pdf ./images/hist1.eps>
(epstopdf)             \includegraphics on input line 90.
Package epstopdf Info: Output file is already uptodate.


pdfTeX warning: /usr/bin/pdflatex (file ./images/hist1-eps-converted-to.pdf): P
DF inclusion: found PDF version <1.7>, but at most version <1.5> allowed
<./images/hist1-eps-converted-to.pdf, id=61, 422.57875pt x 317.185pt>
File: ./images/hist1-eps-converted-to.pdf Graphic file (type pdf)

<use ./images/hist1-eps-converted-to.pdf>
Package pdftex.def Info: ./images/hist1-eps-converted-to.pdf used on input line
 90.
(pdftex.def)             Requested size: 273.14923pt x 205.03043pt.
LaTeX Info: Redefining \anw@print on input line 91.
LaTeX Info: Redefining \anw@print on input line 91.
LaTeX Info: Redefining \anw@print on input line 91.
LaTeX Info: Redefining \anw@print on input line 91.
Package epstopdf Info: Source file: <./images/error1.eps>
(epstopdf)                    date: 2019-05-09 13:48:37
(epstopdf)                    size: 128443 bytes
(epstopdf)             Output file: <./images/error1-eps-converted-to.pdf>
(epstopdf)                    date: 2019-05-09 13:49:09
(epstopdf)                    size: 40619 bytes
(epstopdf)             Command: <repstopdf --outfile=./images/error1-eps-conver
ted-to.pdf ./images/error1.eps>
(epstopdf)             \includegraphics on input line 96.
Package epstopdf Info: Output file is already uptodate.


pdfTeX warning: /usr/bin/pdflatex (file ./images/error1-eps-converted-to.pdf): 
PDF inclusion: found PDF version <1.7>, but at most version <1.5> allowed
<./images/error1-eps-converted-to.pdf, id=62, 363.3575pt x 322.20375pt>
File: ./images/error1-eps-converted-to.pdf Graphic file (type pdf)

<use ./images/error1-eps-converted-to.pdf>
Package pdftex.def Info: ./images/error1-eps-converted-to.pdf used on input lin
e 96.
(pdftex.def)             Requested size: 227.62206pt x 201.8439pt.
LaTeX Info: Redefining \anw@print on input line 97.
LaTeX Info: Redefining \anw@print on input line 97.
LaTeX Info: Redefining \anw@print on input line 97.
LaTeX Info: Redefining \anw@print on input line 97.

Overfull \hbox (22.29541pt too wide) in paragraph at lines 88--100
[]  [] [] 
 []


Package hyperref Warning: Glyph not defined in PD1 encoding,
(hyperref)                removing `\textDelta' on input line 103.


Package hyperref Warning: Glyph not defined in PD1 encoding,
(hyperref)                removing `\textepsilon' on input line 103.


Package hyperref Warning: Glyph not defined in PD1 encoding,
(hyperref)                removing `\ensuregreek' on input line 103.


Package hyperref Warning: Glyph not defined in PD1 encoding,
(hyperref)                removing `\acctonos' on input line 103.


Package hyperref Warning: Glyph not defined in PD1 encoding,
(hyperref)                removing `\textupsilon' on input line 103.


Package hyperref Warning: Glyph not defined in PD1 encoding,
(hyperref)                removing `\texttau' on input line 103.


Package hyperref Warning: Glyph not defined in PD1 encoding,
(hyperref)                removing `\textepsilon' on input line 103.


Package hyperref Warning: Glyph not defined in PD1 encoding,
(hyperref)                removing `\textrho' on input line 103.


Package hyperref Warning: Glyph not defined in PD1 encoding,
(hyperref)                removing `\texteta' on input line 103.


Package hyperref Warning: Glyph not defined in PD1 encoding,
(hyperref)                removing `\textUpsilon' on input line 103.


Package hyperref Warning: Glyph not defined in PD1 encoding,
(hyperref)                removing `\textlambda' on input line 103.


Package hyperref Warning: Glyph not defined in PD1 encoding,
(hyperref)                removing `\textomicron' on input line 103.


Package hyperref Warning: Glyph not defined in PD1 encoding,
(hyperref)                removing `\textpi' on input line 103.


Package hyperref Warning: Glyph not defined in PD1 encoding,
(hyperref)                removing `\textomicron' on input line 103.


Package hyperref Warning: Glyph not defined in PD1 encoding,
(hyperref)                removing `\ensuregreek' on input line 103.


Package hyperref Warning: Glyph not defined in PD1 encoding,
(hyperref)                removing `\acctonos' on input line 103.


Package hyperref Warning: Glyph not defined in PD1 encoding,
(hyperref)                removing `\textiota' on input line 103.


Package hyperref Warning: Glyph not defined in PD1 encoding,
(hyperref)                removing `\texteta' on input line 103.


Package hyperref Warning: Glyph not defined in PD1 encoding,
(hyperref)                removing `\textsigma' on input line 103.


Package hyperref Warning: Glyph not defined in PD1 encoding,
(hyperref)                removing `\texteta' on input line 103.


Package hyperref Warning: Glyph not defined in PD1 encoding,
(hyperref)                removing `\textPi' on input line 105.


Package hyperref Warning: Glyph not defined in PD1 encoding,
(hyperref)                removing `\textepsilon' on input line 105.


Package hyperref Warning: Glyph not defined in PD1 encoding,
(hyperref)                removing `\textrho' on input line 105.


Package hyperref Warning: Glyph not defined in PD1 encoding,
(hyperref)                removing `\textiota' on input line 105.


Package hyperref Warning: Glyph not defined in PD1 encoding,
(hyperref)                removing `\textgamma' on input line 105.


Package hyperref Warning: Glyph not defined in PD1 encoding,
(hyperref)                removing `\textrho' on input line 105.


Package hyperref Warning: Glyph not defined in PD1 encoding,
(hyperref)                removing `\textalpha' on input line 105.


Package hyperref Warning: Glyph not defined in PD1 encoding,
(hyperref)                removing `\textphi' on input line 105.


Package hyperref Warning: Glyph not defined in PD1 encoding,
(hyperref)                removing `\ensuregreek' on input line 105.


Package hyperref Warning: Glyph not defined in PD1 encoding,
(hyperref)                removing `\acctonos' on input line 105.


Package hyperref Warning: Glyph not defined in PD1 encoding,
(hyperref)                removing `\texteta' on input line 105.


Package hyperref Warning: Glyph not defined in PD1 encoding,
(hyperref)                removing `\textupsilon' on input line 105.


Package hyperref Warning: Glyph not defined in PD1 encoding,
(hyperref)                removing `\textlambda' on input line 105.


Package hyperref Warning: Glyph not defined in PD1 encoding,
(hyperref)                removing `\textomicron' on input line 105.


Package hyperref Warning: Glyph not defined in PD1 encoding,
(hyperref)                removing `\textpi' on input line 105.


Package hyperref Warning: Glyph not defined in PD1 encoding,
(hyperref)                removing `\textomicron' on input line 105.


Package hyperref Warning: Glyph not defined in PD1 encoding,
(hyperref)                removing `\ensuregreek' on input line 105.


Package hyperref Warning: Glyph not defined in PD1 encoding,
(hyperref)                removing `\acctonos' on input line 105.


Package hyperref Warning: Glyph not defined in PD1 encoding,
(hyperref)                removing `\textiota' on input line 105.


Package hyperref Warning: Glyph not defined in PD1 encoding,
(hyperref)                removing `\texteta' on input line 105.


Package hyperref Warning: Glyph not defined in PD1 encoding,
(hyperref)                removing `\textsigma' on input line 105.


Package hyperref Warning: Glyph not defined in PD1 encoding,
(hyperref)                removing `\texteta' on input line 105.


Package hyperref Warning: Glyph not defined in PD1 encoding,
(hyperref)                removing `\textvarsigma' on input line 105.


Package hyperref Warning: Glyph not defined in PD1 encoding,
(hyperref)                removing `\textSigma' on input line 109.


Package hyperref Warning: Glyph not defined in PD1 encoding,
(hyperref)                removing `\texttau' on input line 109.


Package hyperref Warning: Glyph not defined in PD1 encoding,
(hyperref)                removing `\textalpha' on input line 109.


Package hyperref Warning: Glyph not defined in PD1 encoding,
(hyperref)                removing `\texttau' on input line 109.


Package hyperref Warning: Glyph not defined in PD1 encoding,
(hyperref)                removing `\textiota' on input line 109.


Package hyperref Warning: Glyph not defined in PD1 encoding,
(hyperref)                removing `\textsigma' on input line 109.


Package hyperref Warning: Glyph not defined in PD1 encoding,
(hyperref)                removing `\texttau' on input line 109.


Package hyperref Warning: Glyph not defined in PD1 encoding,
(hyperref)                removing `\textiota' on input line 109.


Package hyperref Warning: Glyph not defined in PD1 encoding,
(hyperref)                removing `\textkappa' on input line 109.


Package hyperref Warning: Glyph not defined in PD1 encoding,
(hyperref)                removing `\ensuregreek' on input line 109.


Package hyperref Warning: Glyph not defined in PD1 encoding,
(hyperref)                removing `\acctonos' on input line 109.


Package hyperref Warning: Glyph not defined in PD1 encoding,
(hyperref)                removing `\texteta' on input line 109.


Package hyperref Warning: Glyph not defined in PD1 encoding,
(hyperref)                removing `\textsigma' on input line 109.


Package hyperref Warning: Glyph not defined in PD1 encoding,
(hyperref)                removing `\textupsilon' on input line 109.


Package hyperref Warning: Glyph not defined in PD1 encoding,
(hyperref)                removing `\textpi' on input line 109.


Package hyperref Warning: Glyph not defined in PD1 encoding,
(hyperref)                removing `\textepsilon' on input line 109.


Package hyperref Warning: Glyph not defined in PD1 encoding,
(hyperref)                removing `\textrho' on input line 109.


Package hyperref Warning: Glyph not defined in PD1 encoding,
(hyperref)                removing `\textiota' on input line 109.


Package hyperref Warning: Glyph not defined in PD1 encoding,
(hyperref)                removing `\textphi' on input line 109.


Package hyperref Warning: Glyph not defined in PD1 encoding,
(hyperref)                removing `\textomicron' on input line 109.


Package hyperref Warning: Glyph not defined in PD1 encoding,
(hyperref)                removing `\textrho' on input line 109.


Package hyperref Warning: Glyph not defined in PD1 encoding,
(hyperref)                removing `\ensuregreek' on input line 109.


Package hyperref Warning: Glyph not defined in PD1 encoding,
(hyperref)                removing `\acctonos' on input line 109.


Package hyperref Warning: Glyph not defined in PD1 encoding,
(hyperref)                removing `\textalpha' on input line 109.


Underfull \hbox (badness 10000) in paragraph at lines 112--113

 []

[2 <./images/hist1-eps-converted-to.pdf> <./images/error1-eps-converted-to.pdf>
]
Overfull \hbox (26.85085pt too wide) in paragraph at lines 116--129
 [][] 
 []

LaTeX Info: Redefining \anw@print on input line 131.
LaTeX Info: Redefining \anw@print on input line 132.
Package epstopdf Info: Source file: <./images/hist2.eps>
(epstopdf)                    date: 2019-05-09 13:48:37
(epstopdf)                    size: 30795 bytes
(epstopdf)             Output file: <./images/hist2-eps-converted-to.pdf>
(epstopdf)                    date: 2019-05-09 14:34:20
(epstopdf)                    size: 30160 bytes
(epstopdf)             Command: <repstopdf --outfile=./images/hist2-eps-convert
ed-to.pdf ./images/hist2.eps>
(epstopdf)             \includegraphics on input line 137.
Package epstopdf Info: Output file is already uptodate.


pdfTeX warning: /usr/bin/pdflatex (file ./images/hist2-eps-converted-to.pdf): P
DF inclusion: found PDF version <1.7>, but at most version <1.5> allowed
<./images/hist2-eps-converted-to.pdf, id=85, 429.605pt x 339.2675pt>
File: ./images/hist2-eps-converted-to.pdf Graphic file (type pdf)

<use ./images/hist2-eps-converted-to.pdf>
Package pdftex.def Info: ./images/hist2-eps-converted-to.pdf used on input line
 137.
(pdftex.def)             Requested size: 273.14923pt x 215.712pt.
LaTeX Info: Redefining \anw@print on input line 138.
LaTeX Info: Redefining \anw@print on input line 138.
LaTeX Info: Redefining \anw@print on input line 138.
LaTeX Info: Redefining \anw@print on input line 138.
Package epstopdf Info: Source file: <./images/error2.eps>
(epstopdf)                    date: 2019-05-09 13:48:38
(epstopdf)                    size: 128419 bytes
(epstopdf)             Output file: <./images/error2-eps-converted-to.pdf>
(epstopdf)                    date: 2019-05-09 14:34:20
(epstopdf)                    size: 40412 bytes
(epstopdf)             Command: <repstopdf --outfile=./images/error2-eps-conver
ted-to.pdf ./images/error2.eps>
(epstopdf)             \includegraphics on input line 143.
Package epstopdf Info: Output file is already uptodate.


pdfTeX warning: /usr/bin/pdflatex (file ./images/error2-eps-converted-to.pdf): 
PDF inclusion: found PDF version <1.7>, but at most version <1.5> allowed
<./images/error2-eps-converted-to.pdf, id=86, 372.39125pt x 322.20375pt>
File: ./images/error2-eps-converted-to.pdf Graphic file (type pdf)

<use ./images/error2-eps-converted-to.pdf>
Package pdftex.def Info: ./images/error2-eps-converted-to.pdf used on input lin
e 143.
(pdftex.def)             Requested size: 227.62206pt x 196.95206pt.
LaTeX Info: Redefining \anw@print on input line 144.
LaTeX Info: Redefining \anw@print on input line 144.
LaTeX Info: Redefining \anw@print on input line 144.
LaTeX Info: Redefining \anw@print on input line 144.

Overfull \hbox (22.29541pt too wide) in paragraph at lines 135--147
[]  [] [] 
 []


Package hyperref Warning: Glyph not defined in PD1 encoding,
(hyperref)                removing `\textKappa' on input line 149.


Package hyperref Warning: Glyph not defined in PD1 encoding,
(hyperref)                removing `\textalpha' on input line 149.


Package hyperref Warning: Glyph not defined in PD1 encoding,
(hyperref)                removing `\texttau' on input line 149.


Package hyperref Warning: Glyph not defined in PD1 encoding,
(hyperref)                removing `\textalpha' on input line 149.


Package hyperref Warning: Glyph not defined in PD1 encoding,
(hyperref)                removing `\textnu' on input line 149.


Package hyperref Warning: Glyph not defined in PD1 encoding,
(hyperref)                removing `\ensuregreek' on input line 149.


Package hyperref Warning: Glyph not defined in PD1 encoding,
(hyperref)                removing `\acctonos' on input line 149.


Package hyperref Warning: Glyph not defined in PD1 encoding,
(hyperref)                removing `\textalpha' on input line 149.


Package hyperref Warning: Glyph not defined in PD1 encoding,
(hyperref)                removing `\textlambda' on input line 149.


Package hyperref Warning: Glyph not defined in PD1 encoding,
(hyperref)                removing `\textomega' on input line 149.


Package hyperref Warning: Glyph not defined in PD1 encoding,
(hyperref)                removing `\textsigma' on input line 149.


Package hyperref Warning: Glyph not defined in PD1 encoding,
(hyperref)                removing `\texteta' on input line 149.


Package hyperref Warning: Glyph not defined in PD1 encoding,
(hyperref)                removing `\textepsilon' on input line 149.


Package hyperref Warning: Glyph not defined in PD1 encoding,
(hyperref)                removing `\textnu' on input line 149.


Package hyperref Warning: Glyph not defined in PD1 encoding,
(hyperref)                removing `\ensuregreek' on input line 149.


Package hyperref Warning: Glyph not defined in PD1 encoding,
(hyperref)                removing `\acctonos' on input line 149.


Package hyperref Warning: Glyph not defined in PD1 encoding,
(hyperref)                removing `\textepsilon' on input line 149.


Package hyperref Warning: Glyph not defined in PD1 encoding,
(hyperref)                removing `\textrho' on input line 149.


Package hyperref Warning: Glyph not defined in PD1 encoding,
(hyperref)                removing `\textgamma' on input line 149.


Package hyperref Warning: Glyph not defined in PD1 encoding,
(hyperref)                removing `\textepsilon' on input line 149.


Package hyperref Warning: Glyph not defined in PD1 encoding,
(hyperref)                removing `\textiota' on input line 149.


Package hyperref Warning: Glyph not defined in PD1 encoding,
(hyperref)                removing `\textalpha' on input line 149.


Package hyperref Warning: Glyph not defined in PD1 encoding,
(hyperref)                removing `\textvarsigma' on input line 149.

LaTeX Font Info:    Try loading font information for OMS+cmr on input line 152.

(/usr/share/texlive/texmf-dist/tex/latex/base/omscmr.fd
File: omscmr.fd 2014/09/29 v2.5h Standard LaTeX font definitions
)
LaTeX Font Info:    Font shape `OMS/cmr/m/n' in size <12> not available
(Font)              Font shape `OMS/cmsy/m/n' tried instead on input line 152.
Package atveryend Info: Empty hook `BeforeClearDocument' on input line 159.
 [3 <./images/hist2-eps-converted-to.pdf> <./images/error2-eps-converted-to.pdf
>]
Package atveryend Info: Empty hook `AfterLastShipout' on input line 159.
 (./report.aux)
Package atveryend Info: Executing hook `AtVeryEndDocument' on input line 159.
Package atveryend Info: Executing hook `AtEndAfterFileList' on input line 159.
Package rerunfilecheck Info: File `report.out' has not changed.
(rerunfilecheck)             Checksum: D5721AF679EBE8273F156D76E0B95947;351.
Package atveryend Info: Empty hook `AtVeryVeryEnd' on input line 159.
 ) 
Here is how much of TeX's memory you used:
 8660 strings out of 493029
 130348 string characters out of 6136233
 228439 words of memory out of 5000000
 12081 multiletter control sequences out of 15000+600000
 12536 words of font info for 33 fonts, out of 8000000 for 9000
 1141 hyphenation exceptions out of 8191
 42i,10n,40p,1500b,482s stack positions out of 5000i,500n,10000p,200000b,80000s
</usr/share/texlive/texmf-dist/fonts/type1/public/amsfonts/cm/cmmi12.pfb></us
r/share/texlive/texmf-dist/fonts/type1/public/amsfonts/cm/cmmi8.pfb></usr/share
/texlive/texmf-dist/fonts/type1/public/amsfonts/cm/cmr10.pfb></usr/share/texliv
e/texmf-dist/fonts/type1/public/amsfonts/cm/cmr12.pfb></usr/share/texlive/texmf
-dist/fonts/type1/public/amsfonts/cm/cmr8.pfb></usr/share/texlive/texmf-dist/fo
nts/type1/public/amsfonts/cm/cmsy10.pfb></usr/share/texlive/texmf-dist/fonts/ty
pe1/public/amsfonts/cm/cmsy8.pfb></usr/share/texlive/texmf-dist/fonts/type1/pub
lic/cbfonts/grmn1095.pfb></usr/share/texlive/texmf-dist/fonts/type1/public/cbfo
nts/grmn1200.pfb></usr/share/texlive/texmf-dist/fonts/type1/public/cbfonts/grmn
1440.pfb></usr/share/texlive/texmf-dist/fonts/type1/public/cbfonts/grmn1728.pfb
></usr/share/texlive/texmf-dist/fonts/type1/public/cbfonts/grmn2074.pfb></usr/s
hare/texlive/texmf-dist/fonts/type1/public/cbfonts/grxn1440.pfb></usr/share/tex
live/texmf-dist/fonts/type1/public/cbfonts/grxn1728.pfb>
Output written on report.pdf (4 pages, 308119 bytes).
PDF statistics:
 154 PDF objects out of 1000 (max. 8388607)
 118 compressed objects within 2 object streams
 16 named destinations out of 1000 (max. 500000)
 85 words of extra memory for PDF output out of 10000 (max. 10000000)

